2019-09-14T01:26:13.589Z info: [caspar] Connected.
2019-09-14T01:26:13.601Z info: [caspar] Connected.
2019-09-14T01:27:50.837Z info: [caspar] Connected.
2019-09-14T01:27:50.866Z info: [companion] Connected.
2019-09-14T01:28:41.601Z info: [caspar] Connected.
2019-09-14T01:28:41.621Z info: [companion] Connected.
2019-09-14T01:28:41.645Z info: [app] Replacing pages...
2019-09-14T01:28:41.646Z info: [app] Done replacing pages.
2019-09-14T01:29:14.719Z info: [caspar] Connected.
2019-09-14T01:29:14.739Z info: [companion] Connected.
2019-09-14T01:29:14.764Z info: [app] Replacing pages...
2019-09-14T01:29:14.765Z info: [app] Done replacing pages.
2019-09-14T01:29:41.346Z info: [caspar] Connected.
2019-09-14T01:29:41.363Z info: [companion] Connected.
2019-09-14T01:29:41.398Z info: [app] Replacing pages...
2019-09-14T01:29:41.401Z info: [app] Done replacing pages.
2019-09-14T01:30:36.151Z info: [caspar] Connected.
2019-09-14T01:30:36.170Z info: [companion] Connected.
2019-09-14T01:30:36.193Z info: [app] Replacing pages...
2019-09-14T01:30:36.196Z info: [app] Done replacing pages.
2019-09-14T01:31:01.120Z info: [caspar] Connected.
2019-09-14T01:31:01.137Z info: [companion] Connected.
2019-09-14T01:31:01.168Z info: [app] Replacing pages...
2019-09-14T01:31:01.171Z info: [app] Done replacing pages.
2019-09-14T01:31:22.922Z info: [caspar] Connected.
2019-09-14T01:31:22.944Z info: [companion] Connected.
2019-09-14T01:31:23.009Z info: [app] Replacing pages...
2019-09-14T01:31:23.012Z info: [app] Done replacing pages.
2019-09-14T01:32:23.759Z info: [app] Replacing pages...
2019-09-14T01:32:23.769Z info: [app] Replaced page #4
2019-09-14T01:32:23.771Z info: [app] Replaced page #5
2019-09-14T01:32:23.771Z info: [app] Done replacing pages.
2019-09-14T01:32:31.507Z info: [caspar] Connected.
2019-09-14T01:32:31.526Z info: [companion] Connected.
2019-09-14T01:32:31.605Z info: [app] Replacing pages...
2019-09-14T01:32:31.615Z info: [app] Replaced page #4
2019-09-14T01:32:31.615Z info: [app] Replaced page #5
2019-09-14T01:32:31.616Z info: [app] Done replacing pages.
2019-09-14T01:33:55.606Z info: [caspar] Connected.
2019-09-14T01:33:55.626Z info: [companion] Connected.
2019-09-14T01:33:55.658Z info: [app] Replacing pages...
2019-09-14T01:33:55.665Z info: [app] Replaced page #4
2019-09-14T01:33:55.666Z info: [app] Replaced page #5
2019-09-14T01:33:55.666Z info: [app] Done replacing pages.
2019-09-14T01:34:07.736Z info: [caspar] Connected.
2019-09-14T01:34:07.757Z info: [companion] Connected.
2019-09-14T01:34:07.787Z info: [app] Replacing pages...
2019-09-14T01:34:07.795Z info: [app] Replaced page #4
2019-09-14T01:34:07.796Z info: [app] Replaced page #5
2019-09-14T01:34:07.796Z info: [app] Done replacing pages.
2019-09-14T01:34:52.361Z info: [caspar] Connected.
2019-09-14T01:34:52.378Z info: [companion] Connected.
2019-09-14T01:34:52.412Z info: [app] Replacing pages...
2019-09-14T01:34:52.418Z info: [app] Replaced page #4
2019-09-14T01:34:52.419Z info: [app] Replaced page #5
2019-09-14T01:34:52.419Z info: [app] Done replacing pages.
2019-09-14T01:37:53.793Z info: [caspar] Connected.
2019-09-14T01:37:53.811Z info: [companion] Connected.
2019-09-14T01:37:53.852Z info: [app] Replacing pages...
2019-09-14T01:37:53.860Z info: [app] Replaced page #4
2019-09-14T01:37:53.861Z info: [app] Replaced page #5
2019-09-14T01:37:53.862Z info: [app] Done replacing pages.
2019-09-14T01:38:24.573Z info: [caspar] Connected.
2019-09-14T01:38:24.586Z info: [companion] Connected.
2019-09-14T01:38:24.633Z info: [app] Replacing pages...
2019-09-14T01:38:24.638Z info: [app] Replaced page #4
2019-09-14T01:38:24.638Z info: [app] Replaced page #5
2019-09-14T01:38:24.639Z info: [app] Done replacing pages.
2019-09-14T01:39:41.217Z info: [caspar] Connected.
2019-09-14T01:39:41.229Z info: [companion] Connected.
2019-09-14T01:39:41.292Z info: [app] Replacing pages...
2019-09-14T01:39:41.301Z info: [app] Replaced page #4
2019-09-14T01:39:41.301Z info: [app] Replaced page #5
2019-09-14T01:39:41.302Z info: [app] Done replacing pages.
2019-09-14T01:40:32.080Z info: [caspar] Connected.
2019-09-14T01:40:32.098Z info: [companion] Connected.
2019-09-14T01:40:32.133Z info: [app] Replacing pages...
2019-09-14T01:40:32.139Z info: [app] Replaced page #4
2019-09-14T01:40:32.139Z info: [app] Replaced page #5
2019-09-14T01:40:32.140Z info: [app] Done replacing pages.
2019-09-14T01:41:31.125Z info: [caspar] Connected.
2019-09-14T01:41:31.136Z info: [companion] Connected.
2019-09-14T01:41:31.172Z info: [app] Replacing pages...
2019-09-14T01:41:31.178Z info: [app] Replaced page #4
2019-09-14T01:41:31.179Z info: [app] Replaced page #5
2019-09-14T01:41:31.179Z info: [app] Done replacing pages.
